/tmp/ccOYr5VR.o: In function `Storage::File::File(std::string, std::vector<std::string, std::allocator<std::string> >)':
Storage.cpp:(.text+0x0): multiple definition of `Storage::File::File(std::string, std::vector<std::string, std::allocator<std::string> >)'
/tmp/ccMKhKqe.o:File.cpp:(.text+0x0): first defined here
/tmp/ccOYr5VR.o: In function `Storage::File::open(std::basic_ifstream<char, std::char_traits<char> >*, std::string, bool&)':
Storage.cpp:(.text+0x214): multiple definition of `Storage::File::open(std::basic_ifstream<char, std::char_traits<char> >*, std::string, bool&)'
/tmp/ccMKhKqe.o:File.cpp:(.text+0x214): first defined here
/tmp/ccOYr5VR.o: In function `Storage::File::File(std::string, std::vector<std::string, std::allocator<std::string> >)':
Storage.cpp:(.text+0x0): multiple definition of `Storage::File::File(std::string, std::vector<std::string, std::allocator<std::string> >)'
/tmp/ccMKhKqe.o:File.cpp:(.text+0x0): first defined here
/tmp/ccOYr5VR.o: In function `Storage::File::getName()':
Storage.cpp:(.text+0x14e): multiple definition of `Storage::File::getName()'
/tmp/ccMKhKqe.o:File.cpp:(.text+0x14e): first defined here
/tmp/ccOYr5VR.o: In function `Storage::File::getFields()':
Storage.cpp:(.text+0x17e): multiple definition of `Storage::File::getFields()'
/tmp/ccMKhKqe.o:File.cpp:(.text+0x17e): first defined here
/tmp/ccOYr5VR.o: In function `Storage::File::getFile()':
Storage.cpp:(.text+0x1ae): multiple definition of `Storage::File::getFile()'
/tmp/ccMKhKqe.o:File.cpp:(.text+0x1ae): first defined here
/tmp/ccOYr5VR.o: In function `Storage::File::isOpen()':
Storage.cpp:(.text+0x1bc): multiple definition of `Storage::File::isOpen()'
/tmp/ccMKhKqe.o:File.cpp:(.text+0x1bc): first defined here
/tmp/ccOYr5VR.o: In function `Storage::File::addRecord(Storage::File::Record*)':
Storage.cpp:(.text+0x1d2): multiple definition of `Storage::File::addRecord(Storage::File::Record*)'
/tmp/ccMKhKqe.o:File.cpp:(.text+0x1d2): first defined here
/tmp/ccOYr5VR.o: In function `Storage::File::isActive()':
Storage.cpp:(.text+0x1fe): multiple definition of `Storage::File::isActive()'
/tmp/ccMKhKqe.o:File.cpp:(.text+0x1fe): first defined here
/tmp/ccOYr5VR.o: In function `Storage::File::close()':
Storage.cpp:(.text+0x2b0): multiple definition of `Storage::File::close()'
/tmp/ccMKhKqe.o:File.cpp:(.text+0x2b0): first defined here
/tmp/ccOYr5VR.o: In function `Storage::File::saveRecords()':
Storage.cpp:(.text+0x2da): multiple definition of `Storage::File::saveRecords()'
/tmp/ccMKhKqe.o:File.cpp:(.text+0x2da): first defined here
/tmp/ccOYr5VR.o: In function `Storage::File::Record::getContent()':
Storage.cpp:(.text+0x1776): multiple definition of `Storage::File::Record::getContent()'
/tmp/cctMkZJy.o:Record.cpp:(.text+0x6e): first defined here
/tmp/ccOYr5VR.o: In function `Storage::File::parseLine(std::vector<std::string, std::allocator<std::string> >)':
Storage.cpp:(.text+0x73c): multiple definition of `Storage::File::parseLine(std::vector<std::string, std::allocator<std::string> >)'
/tmp/ccMKhKqe.o:File.cpp:(.text+0x52c): first defined here
/tmp/ccOYr5VR.o: In function `Storage::File::loadRecords()':
Storage.cpp:(.text+0x918): multiple definition of `Storage::File::loadRecords()'
/tmp/ccMKhKqe.o:File.cpp:(.text+0x6a8): first defined here
/tmp/ccOYr5VR.o: In function `Storage::File::Record::Record(Storage::File*, std::map<std::string, std::string, std::less<std::string>, std::allocator<std::pair<std::string const, std::string> > >)':
Storage.cpp:(.text+0x1708): multiple definition of `Storage::File::Record::Record(Storage::File*, std::map<std::string, std::string, std::less<std::string>, std::allocator<std::pair<std::string const, std::string> > >)'
/tmp/cctMkZJy.o:Record.cpp:(.text+0x0): first defined here
/tmp/ccOYr5VR.o: In function `Storage::File::getRecords()':
Storage.cpp:(.text+0xb14): multiple definition of `Storage::File::getRecords()'
/tmp/ccMKhKqe.o:File.cpp:(.text+0x8a4): first defined here
/tmp/ccOYr5VR.o: In function `Storage::File::Record::Record(Storage::File*, std::map<std::string, std::string, std::less<std::string>, std::allocator<std::pair<std::string const, std::string> > >)':
Storage.cpp:(.text+0x1708): multiple definition of `Storage::File::Record::Record(Storage::File*, std::map<std::string, std::string, std::less<std::string>, std::allocator<std::pair<std::string const, std::string> > >)'
/tmp/cctMkZJy.o:Record.cpp:(.text+0x0): first defined here
/tmp/ccOYr5VR.o: In function `Storage::File::Record::getField(std::string)':
Storage.cpp:(.text+0x17a4): multiple definition of `Storage::File::Record::getField(std::string)'
/tmp/cctMkZJy.o:Record.cpp:(.text+0x9c): first defined here
collect2: error: ld returned 1 exit status
